app/build/intermediates/manifest_merge_blame_file/debug/manifest-merger-blame-debug-report.txt
1<?xml version="1.0" encoding="utf-8"?>
2<manifest xmlns:android="http://schemas.android.com/apk/res/android"
3    package="io.muth0mi.droid_vcheck"
4    android:versionCode="1"
5    android:versionName="1.0" >
6
7    <uses-sdk
8        android:minSdkVersion="16"
8-->src/main/AndroidManifest.xml
9        android:targetSdkVersion="29" />
9-->src/main/AndroidManifest.xml
10
11    <uses-permission android:name="android.permission.INTERNET" />
11-->src/main/AndroidManifest.xml:6:5-67
11-->src/main/AndroidManifest.xml:6:22-64
12    <uses-permission android:name="android.permission.SYSTEM_ALERT_WINDOW" />
12-->src/main/AndroidManifest.xml:7:5-78
12-->src/main/AndroidManifest.xml:7:22-75
13
14    <application
14-->src/main/AndroidManifest.xml:9:5-28:19
15        android:allowBackup="true"
15-->src/main/AndroidManifest.xml:10:9-35
16        android:appComponentFactory="androidx.core.app.CoreComponentFactory"
16-->[androidx.core:core:1.1.0] AndroidManifest.xml:24:18-86
17        android:debuggable="true"
18        android:icon="@mipmap/ic_launcher"
18-->src/main/AndroidManifest.xml:11:9-43
19        android:label="@string/app_name"
19-->src/main/AndroidManifest.xml:12:9-41
20        android:roundIcon="@mipmap/ic_launcher_round"
20-->src/main/AndroidManifest.xml:13:9-54
21        android:supportsRtl="true"
21-->src/main/AndroidManifest.xml:14:9-35
22        android:testOnly="true"
23        android:theme="@style/AppTheme"
23-->src/main/AndroidManifest.xml:15:9-40
24        android:usesCleartextTraffic="true" >
24-->src/main/AndroidManifest.xml:16:9-44
25        <activity android:name="io.muth0mi.droid_vcheck.NotifySMSReceived" />
25-->src/main/AndroidManifest.xml:18:9-64
25-->src/main/AndroidManifest.xml:18:19-52
26        <activity android:name="io.muth0mi.droid_vcheck.BaseActivity" />
26-->src/main/AndroidManifest.xml:19:9-50
26-->src/main/AndroidManifest.xml:19:19-47
27        <activity android:name="io.muth0mi.droid_vcheck.Application" />
27-->src/main/AndroidManifest.xml:20:9-49
27-->src/main/AndroidManifest.xml:20:19-46
28        <activity android:name="io.muth0mi.droid_vcheck.MainActivity" >
28-->src/main/AndroidManifest.xml:21:9-27:20
28-->src/main/AndroidManifest.xml:21:19-47
29            <intent-filter>
29-->src/main/AndroidManifest.xml:22:13-26:29
30                <action android:name="android.intent.action.MAIN" />
30-->src/main/AndroidManifest.xml:23:17-69
30-->src/main/AndroidManifest.xml:23:25-66
31
32                <category android:name="android.intent.category.LAUNCHER" />
32-->src/main/AndroidManifest.xml:25:17-77
32-->src/main/AndroidManifest.xml:25:27-74
33            </intent-filter>
34        </activity>
35    </application>
36
37</manifest>